[prium.github.io/twbs-sparrow/v2.1.1/pages/signup.html]
[backblue.gif]
[fade.gif]
[index.html]
[prium.github.io/twbs-sparrow/v2.1.1/assets/img/favicons/apple-touch-icon.png]
[prium.github.io/twbs-sparrow/v2.1.1/assets/img/favicons/favicon-32x32.png]
[prium.github.io/twbs-sparrow/v2.1.1/assets/img/favicons/favicon-16x16.png]
[prium.github.io/twbs-sparrow/v2.1.1/assets/img/favicons/mstile-150x150.png]
[prium.github.io/twbs-sparrow/v2.1.1/vendors/loaders.css/loaders.min.css]
[prium.github.io/twbs-sparrow/v2.1.1/assets/css/theme.min.css]
[prium.github.io/twbs-sparrow/v2.1.1/pages/404.html]
[prium.github.io/twbs-sparrow/v2.1.1/pages/about.html]
[prium.github.io/twbs-sparrow/v2.1.1/pages/blog.html]
[prium.github.io/twbs-sparrow/v2.1.1/pages/blog-single.html]
[prium.github.io/twbs-sparrow/v2.1.1/pages/cart.html]
[prium.github.io/twbs-sparrow/v2.1.1/pages/casestudy.html]
[prium.github.io/twbs-sparrow/v2.1.1/pages/coming-soon.html]
[prium.github.io/twbs-sparrow/v2.1.1/pages/contact.html]
[prium.github.io/twbs-sparrow/v2.1.1/pages/one-page.html]
[prium.github.io/twbs-sparrow/v2.1.1/pages/portfolio.html]
[prium.github.io/twbs-sparrow/v2.1.1/pages/profile.html]
[prium.github.io/twbs-sparrow/v2.1.1/pages/rtl.html]
[prium.github.io/twbs-sparrow/v2.1.1/pages/services.html]
[prium.github.io/twbs-sparrow/v2.1.1/pages/shop.html]
[prium.github.io/twbs-sparrow/v2.1.1/pages/signin.html]
[prium.github.io/twbs-sparrow/v2.1.1/pages/product-single.html]
[prium.github.io/twbs-sparrow/v2.1.1/pages/split-static.html]
[prium.github.io/twbs-sparrow/v2.1.1/pages/split-youtube.html]
[prium.github.io/twbs-sparrow/v2.1.1/pages/starter.html]
[prium.github.io/twbs-sparrow/v2.1.1/assets/img/signup.jpg]
[prium.github.io/twbs-sparrow/v2.1.1/vendors/popper/popper.min.js]
[prium.github.io/twbs-sparrow/v2.1.1/vendors/bootstrap/bootstrap.min.js]
[prium.github.io/twbs-sparrow/v2.1.1/vendors/anchorjs/anchor.min.js]
[prium.github.io/twbs-sparrow/v2.1.1/vendors/is/is.min.js]
[prium.github.io/twbs-sparrow/v2.1.1/vendors/lodash/lodash.min.js]
[prium.github.io/twbs-sparrow/v2.1.1/vendors/fontawesome/all.min.js]
[polyfill.io/v3/polyfill.min58be.js]
[prium.github.io/twbs-sparrow/v2.1.1/vendors/imagesloaded/imagesloaded.pkgd.js]
[prium.github.io/twbs-sparrow/v2.1.1/vendors/gsap/gsap.js]
[prium.github.io/twbs-sparrow/v2.1.1/vendors/gsap/customEase.js]
[prium.github.io/twbs-sparrow/v2.1.1/vendors/gsap/drawSVGPlugin.js]
[prium.github.io/twbs-sparrow/v2.1.1/pages/signup.html]
[prium.github.io/twbs-sparrow/v2.1.1/assets/js/theme.js]
[prium.github.io/twbs-sparrow/v2.1.1/vendors/loaders.css/loaders.min.css]
[prium.github.io/twbs-sparrow/v2.1.1/assets/css/theme.min.css]
[prium.github.io/twbs-sparrow/v2.1.1/assets/css/user.min.css]
[prium.github.io/twbs-sparrow/v2.1.1/assets/img/404.jpg]
[prium.github.io/twbs-sparrow/v2.1.1/pages/404.html]
[prium.github.io/twbs-sparrow/v2.1.1/assets/img/about.jpg]
[prium.github.io/twbs-sparrow/v2.1.1/assets/img/about-02.jpg]
[prium.github.io/twbs-sparrow/v2.1.1/assets/img/about-01.jpg]
[prium.github.io/twbs-sparrow/v2.1.1/assets/img/about-03.jpg]
[prium.github.io/twbs-sparrow/v2.1.1/pages/about.html]
[prium.github.io/twbs-sparrow/v2.1.1/vendors/swiper/swiper-bundle.min.css]
[prium.github.io/twbs-sparrow/v2.1.1/assets/img/blog-header.jpg]
[prium.github.io/twbs-sparrow/v2.1.1/assets/img/blog-single-01.jpg]
[prium.github.io/twbs-sparrow/v2.1.1/assets/img/bicycle-03.jpg]
[prium.github.io/twbs-sparrow/v2.1.1/assets/img/bicycle-04.jpg]
[prium.github.io/twbs-sparrow/v2.1.1/assets/img/bicycle-05.jpg]
[prium.github.io/twbs-sparrow/v2.1.1/assets/img/workout-5.jpg]
[prium.github.io/twbs-sparrow/v2.1.1/assets/img/blog-1.jpg]
[prium.github.io/twbs-sparrow/v2.1.1/assets/img/blog-3.jpg]
[prium.github.io/twbs-sparrow/v2.1.1/vendors/swiper/swiper-bundle.min.js]
[prium.github.io/twbs-sparrow/v2.1.1/vendors/bigpicture/BigPicture.js]
[prium.github.io/twbs-sparrow/v2.1.1/pages/blog.html]
[prium.github.io/twbs-sparrow/v2.1.1/assets/img/headers/header-single-blog.jpg]
[prium.github.io/twbs-sparrow/v2.1.1/assets/img/single-blog-01.jpg]
[prium.github.io/twbs-sparrow/v2.1.1/assets/img/single-blog-02.jpg]
[prium.github.io/twbs-sparrow/v2.1.1/assets/img/single-blog-03.jpg]
[prium.github.io/twbs-sparrow/v2.1.1/assets/img/single-blog-04.jpg]
[prium.github.io/twbs-sparrow/v2.1.1/assets/img/author.jpg]
[prium.github.io/twbs-sparrow/v2.1.1/assets/img/blog-2.jpg]
[prium.github.io/twbs-sparrow/v2.1.1/pages/blog-single.html]
[prium.github.io/twbs-sparrow/v2.1.1/assets/img/ecommerce/1.jpg]
[prium.github.io/twbs-sparrow/v2.1.1/assets/img/ecommerce/2.jpg]
[prium.github.io/twbs-sparrow/v2.1.1/assets/img/ecommerce/3.jpg]
[prium.github.io/twbs-sparrow/v2.1.1/assets/img/ecommerce/4.jpg]
[prium.github.io/twbs-sparrow/v2.1.1/vendors/isotope-layout/isotope.pkgd.min.js]
[prium.github.io/twbs-sparrow/v2.1.1/vendors/isotope-packery/packery-mode.pkgd.min.js]
[prium.github.io/twbs-sparrow/v2.1.1/pages/cart.html]
[prium.github.io/twbs-sparrow/v2.1.1/assets/img/portfolio-01.jpg]
[prium.github.io/twbs-sparrow/v2.1.1/assets/img/portfolio-02.jpg]
[prium.github.io/twbs-sparrow/v2.1.1/assets/img/portfolio-03.jpg]
[prium.github.io/twbs-sparrow/v2.1.1/assets/img/portfolio-06.jpg]
[prium.github.io/twbs-sparrow/v2.1.1/assets/img/portfolio-09.jpg]
[prium.github.io/twbs-sparrow/v2.1.1/assets/img/portfolio-04.jpg]
[prium.github.io/twbs-sparrow/v2.1.1/assets/img/portfolio-07.jpg]
[prium.github.io/twbs-sparrow/v2.1.1/assets/img/portfolio-08.jpg]
[prium.github.io/twbs-sparrow/v2.1.1/pages/casestudy.html]
[prium.github.io/twbs-sparrow/v2.1.1/assets/img/headers/header-coming-soon.png]
[prium.github.io/twbs-sparrow/v2.1.1/assets/img/logo/04.jpg]
[prium.github.io/twbs-sparrow/v2.1.1/pages/coming-soon.html]
[prium.github.io/twbs-sparrow/v2.1.1/pages/contact.html]
[prium.github.io/twbs-sparrow/v2.1.1/assets/img/headers/header-3.jpg]
[prium.github.io/twbs-sparrow/v2.1.1/assets/img/headers/header-2.jpg]
[prium.github.io/twbs-sparrow/v2.1.1/assets/img/headers/header-12.jpg]
[prium.github.io/twbs-sparrow/v2.1.1/assets/img/creative.jpg]
[prium.github.io/twbs-sparrow/v2.1.1/assets/img/headers/header-27.jpg]
[prium.github.io/twbs-sparrow/v2.1.1/assets/img/headers/header-16.jpg]
[prium.github.io/twbs-sparrow/v2.1.1/assets/img/headers/header-47.jpg]
[prium.github.io/twbs-sparrow/v2.1.1/assets/img/team/9.jpg]
[prium.github.io/twbs-sparrow/v2.1.1/assets/img/team/0.jpg]
[prium.github.io/twbs-sparrow/v2.1.1/assets/img/team/1.jpg]
[prium.github.io/twbs-sparrow/v2.1.1/assets/img/team/2.jpg]
[prium.github.io/twbs-sparrow/v2.1.1/assets/img/team/3.jpg]
[prium.github.io/twbs-sparrow/v2.1.1/assets/img/team/4.jpg]
[prium.github.io/twbs-sparrow/v2.1.1/assets/img/team/5.jpg]
[prium.github.io/twbs-sparrow/v2.1.1/assets/img/team/6.jpg]
[prium.github.io/twbs-sparrow/v2.1.1/assets/img/team/7.jpg]
[prium.github.io/twbs-sparrow/v2.1.1/assets/img/team/8.jpg]
[prium.github.io/twbs-sparrow/v2.1.1/assets/img/gallery/13.jpg]
[prium.github.io/twbs-sparrow/v2.1.1/assets/img/gallery/14.jpg]
[prium.github.io/twbs-sparrow/v2.1.1/assets/img/gallery/15.jpg]
[prium.github.io/twbs-sparrow/v2.1.1/assets/img/gallery/16.jpg]
[prium.github.io/twbs-sparrow/v2.1.1/assets/img/gallery/17.jpg]
[prium.github.io/twbs-sparrow/v2.1.1/assets/img/gallery/18.jpg]
[prium.github.io/twbs-sparrow/v2.1.1/assets/img/gallery/19.jpg]
[prium.github.io/twbs-sparrow/v2.1.1/assets/img/gallery/20.jpg]
[prium.github.io/twbs-sparrow/v2.1.1/assets/img/gallery/21.jpg]
[prium.github.io/twbs-sparrow/v2.1.1/vendors/progressbar/progressbar.min.js]
[prium.github.io/twbs-sparrow/v2.1.1/vendors/rellax/rellax.min.js]
[prium.github.io/twbs-sparrow/v2.1.1/pages/one-page.html]
[prium.github.io/twbs-sparrow/v2.1.1/assets/img/gallery/03.jpg]
[prium.github.io/twbs-sparrow/v2.1.1/assets/img/gallery/07.jpg]
[prium.github.io/twbs-sparrow/v2.1.1/assets/img/gallery/09.jpg]
[prium.github.io/twbs-sparrow/v2.1.1/assets/img/gallery/04.jpg]
[prium.github.io/twbs-sparrow/v2.1.1/assets/img/gallery/05.jpg]
[prium.github.io/twbs-sparrow/v2.1.1/assets/img/gallery/06.jpg]
[prium.github.io/twbs-sparrow/v2.1.1/assets/img/gallery/10.jpg]
[prium.github.io/twbs-sparrow/v2.1.1/assets/img/gallery/01.jpg]
[prium.github.io/twbs-sparrow/v2.1.1/assets/img/gallery/11.jpg]
[prium.github.io/twbs-sparrow/v2.1.1/assets/img/gallery/12.jpg]
[prium.github.io/twbs-sparrow/v2.1.1/assets/img/gallery/02.jpg]
[prium.github.io/twbs-sparrow/v2.1.1/assets/img/gallery/08.jpg]
[prium.github.io/twbs-sparrow/v2.1.1/pages/portfolio.html]
[prium.github.io/twbs-sparrow/v2.1.1/pages/profile.html]
[prium.github.io/twbs-sparrow/v2.1.1/pages/rtl.html]
[prium.github.io/twbs-sparrow/v2.1.1/assets/css/theme-rtl.min.css]
[prium.github.io/twbs-sparrow/v2.1.1/assets/img/headers/header-48.jpg]
[prium.github.io/twbs-sparrow/v2.1.1/pages/services.html]
[prium.github.io/twbs-sparrow/v2.1.1/assets/img/shop-header.jpg]
[prium.github.io/twbs-sparrow/v2.1.1/assets/img/necklace-01.jpg]
[prium.github.io/twbs-sparrow/v2.1.1/assets/img/shop-1.jpg]
[prium.github.io/twbs-sparrow/v2.1.1/assets/img/watch-02.jpg]
[prium.github.io/twbs-sparrow/v2.1.1/assets/img/watch-01.jpg]
[prium.github.io/twbs-sparrow/v2.1.1/assets/img/watch-03.jpg]
[prium.github.io/twbs-sparrow/v2.1.1/pages/shop.html]
[prium.github.io/twbs-sparrow/v2.1.1/assets/img/signin.jpg]
[prium.github.io/twbs-sparrow/v2.1.1/pages/signin.html]
[prium.github.io/twbs-sparrow/v2.1.1/assets/img/single-shop-1.jpg]
[prium.github.io/twbs-sparrow/v2.1.1/assets/img/single-shop-2.jpg]
[prium.github.io/twbs-sparrow/v2.1.1/assets/img/single-shop-3.jpg]
[prium.github.io/twbs-sparrow/v2.1.1/assets/img/ecommerce/15.jpg]
[prium.github.io/twbs-sparrow/v2.1.1/assets/img/ecommerce/5.jpg]
[prium.github.io/twbs-sparrow/v2.1.1/assets/img/ecommerce/6.jpg]
[prium.github.io/twbs-sparrow/v2.1.1/pages/product-single.html]
[prium.github.io/twbs-sparrow/v2.1.1/assets/img/headers/header-41.jpg]
[prium.github.io/twbs-sparrow/v2.1.1/pages/split-static.html]
[prium.github.io/twbs-sparrow/v2.1.1/assets/img/headers/header-split-youtube-background.jpg]
[prium.github.io/twbs-sparrow/v2.1.1/pages/split-youtube.html]
[prium.github.io/twbs-sparrow/v2.1.1/pages/starter.html]
[prium.github.io/twbs-sparrow/v2.1.1/vendors/swiper/swiper-bundle.min.css]
[prium.github.io/twbs-sparrow/v2.1.1/assets/css/theme-rtl.min.css]
